<?xml version="1.0" encoding="UTF-8"?>
<?xml-stylesheet href="CoreNLP-to-HTML.xsl" type="text/xsl"?>
<root>
  <document>
    <sentences>
      <sentence id="1">
        <tokens>
          <token id="1">
            <word>Hello</word>
            <CharacterOffsetBegin>0</CharacterOffsetBegin>
            <CharacterOffsetEnd>5</CharacterOffsetEnd>
            <POS>UH</POS>
          </token>
          <token id="2">
            <word>,</word>
            <CharacterOffsetBegin>5</CharacterOffsetBegin>
            <CharacterOffsetEnd>6</CharacterOffsetEnd>
            <POS>,</POS>
          </token>
          <token id="3">
            <word>I</word>
            <CharacterOffsetBegin>7</CharacterOffsetBegin>
            <CharacterOffsetEnd>8</CharacterOffsetEnd>
            <POS>PRP</POS>
          </token>
          <token id="4">
            <word>am</word>
            <CharacterOffsetBegin>9</CharacterOffsetBegin>
            <CharacterOffsetEnd>11</CharacterOffsetEnd>
            <POS>VBP</POS>
          </token>
          <token id="5">
            <word>a</word>
            <CharacterOffsetBegin>12</CharacterOffsetBegin>
            <CharacterOffsetEnd>13</CharacterOffsetEnd>
            <POS>DT</POS>
          </token>
          <token id="6">
            <word>cat</word>
            <CharacterOffsetBegin>14</CharacterOffsetBegin>
            <CharacterOffsetEnd>17</CharacterOffsetEnd>
            <POS>NN</POS>
          </token>
          <token id="7">
            <word>.</word>
            <CharacterOffsetBegin>17</CharacterOffsetBegin>
            <CharacterOffsetEnd>18</CharacterOffsetEnd>
            <POS>.</POS>
          </token>
        </tokens>
        <parse>(ROOT (S (INTJ (UH Hello)) (, ,) (NP (PRP I)) (VP (VBP am) (NP (DT a) (NN cat))) (. .))) </parse>
        <dependencies type="basic-dependencies">
          <dep type="root">
            <governor idx="0">ROOT</governor>
            <dependent idx="6">cat</dependent>
          </dep>
          <dep type="discourse">
            <governor idx="6">cat</governor>
            <dependent idx="1">Hello</dependent>
          </dep>
          <dep type="punct">
            <governor idx="6">cat</governor>
            <dependent idx="2">,</dependent>
          </dep>
          <dep type="nsubj">
            <governor idx="6">cat</governor>
            <dependent idx="3">I</dependent>
          </dep>
          <dep type="cop">
            <governor idx="6">cat</governor>
            <dependent idx="4">am</dependent>
          </dep>
          <dep type="det">
            <governor idx="6">cat</governor>
            <dependent idx="5">a</dependent>
          </dep>
          <dep type="punct">
            <governor idx="6">cat</governor>
            <dependent idx="7">.</dependent>
          </dep>
        </dependencies>
        <dependencies type="collapsed-dependencies">
          <dep type="root">
            <governor idx="0">ROOT</governor>
            <dependent idx="6">cat</dependent>
          </dep>
          <dep type="discourse">
            <governor idx="6">cat</governor>
            <dependent idx="1">Hello</dependent>
          </dep>
          <dep type="punct">
            <governor idx="6">cat</governor>
            <dependent idx="2">,</dependent>
          </dep>
          <dep type="nsubj">
            <governor idx="6">cat</governor>
            <dependent idx="3">I</dependent>
          </dep>
          <dep type="cop">
            <governor idx="6">cat</governor>
            <dependent idx="4">am</dependent>
          </dep>
          <dep type="det">
            <governor idx="6">cat</governor>
            <dependent idx="5">a</dependent>
          </dep>
          <dep type="punct">
            <governor idx="6">cat</governor>
            <dependent idx="7">.</dependent>
          </dep>
        </dependencies>
        <dependencies type="collapsed-ccprocessed-dependencies">
          <dep type="root">
            <governor idx="0">ROOT</governor>
            <dependent idx="6">cat</dependent>
          </dep>
          <dep type="discourse">
            <governor idx="6">cat</governor>
            <dependent idx="1">Hello</dependent>
          </dep>
          <dep type="punct">
            <governor idx="6">cat</governor>
            <dependent idx="2">,</dependent>
          </dep>
          <dep type="nsubj">
            <governor idx="6">cat</governor>
            <dependent idx="3">I</dependent>
          </dep>
          <dep type="cop">
            <governor idx="6">cat</governor>
            <dependent idx="4">am</dependent>
          </dep>
          <dep type="det">
            <governor idx="6">cat</governor>
            <dependent idx="5">a</dependent>
          </dep>
          <dep type="punct">
            <governor idx="6">cat</governor>
            <dependent idx="7">.</dependent>
          </dep>
        </dependencies>
      </sentence>
      <sentence id="2">
        <tokens>
          <token id="1">
            <word>Hello</word>
            <CharacterOffsetBegin>19</CharacterOffsetBegin>
            <CharacterOffsetEnd>24</CharacterOffsetEnd>
            <POS>UH</POS>
          </token>
          <token id="2">
            <word>,</word>
            <CharacterOffsetBegin>24</CharacterOffsetBegin>
            <CharacterOffsetEnd>25</CharacterOffsetEnd>
            <POS>,</POS>
          </token>
          <token id="3">
            <word>I</word>
            <CharacterOffsetBegin>26</CharacterOffsetBegin>
            <CharacterOffsetEnd>27</CharacterOffsetEnd>
            <POS>PRP</POS>
          </token>
          <token id="4">
            <word>am</word>
            <CharacterOffsetBegin>28</CharacterOffsetBegin>
            <CharacterOffsetEnd>30</CharacterOffsetEnd>
            <POS>VBP</POS>
          </token>
          <token id="5">
            <word>a</word>
            <CharacterOffsetBegin>31</CharacterOffsetBegin>
            <CharacterOffsetEnd>32</CharacterOffsetEnd>
            <POS>DT</POS>
          </token>
          <token id="6">
            <word>walrus</word>
            <CharacterOffsetBegin>33</CharacterOffsetBegin>
            <CharacterOffsetEnd>39</CharacterOffsetEnd>
            <POS>NN</POS>
          </token>
          <token id="7">
            <word>.</word>
            <CharacterOffsetBegin>39</CharacterOffsetBegin>
            <CharacterOffsetEnd>40</CharacterOffsetEnd>
            <POS>.</POS>
          </token>
        </tokens>
        <parse>(ROOT (S (INTJ (UH Hello)) (, ,) (NP (PRP I)) (VP (VBP am) (NP (DT a) (NN walrus))) (. .))) </parse>
        <dependencies type="basic-dependencies">
          <dep type="root">
            <governor idx="0">ROOT</governor>
            <dependent idx="6">walrus</dependent>
          </dep>
          <dep type="discourse">
            <governor idx="6">walrus</governor>
            <dependent idx="1">Hello</dependent>
          </dep>
          <dep type="punct">
            <governor idx="6">walrus</governor>
            <dependent idx="2">,</dependent>
          </dep>
          <dep type="nsubj">
            <governor idx="6">walrus</governor>
            <dependent idx="3">I</dependent>
          </dep>
          <dep type="cop">
            <governor idx="6">walrus</governor>
            <dependent idx="4">am</dependent>
          </dep>
          <dep type="det">
            <governor idx="6">walrus</governor>
            <dependent idx="5">a</dependent>
          </dep>
          <dep type="punct">
            <governor idx="6">walrus</governor>
            <dependent idx="7">.</dependent>
          </dep>
        </dependencies>
        <dependencies type="collapsed-dependencies">
          <dep type="root">
            <governor idx="0">ROOT</governor>
            <dependent idx="6">walrus</dependent>
          </dep>
          <dep type="discourse">
            <governor idx="6">walrus</governor>
            <dependent idx="1">Hello</dependent>
          </dep>
          <dep type="punct">
            <governor idx="6">walrus</governor>
            <dependent idx="2">,</dependent>
          </dep>
          <dep type="nsubj">
            <governor idx="6">walrus</governor>
            <dependent idx="3">I</dependent>
          </dep>
          <dep type="cop">
            <governor idx="6">walrus</governor>
            <dependent idx="4">am</dependent>
          </dep>
          <dep type="det">
            <governor idx="6">walrus</governor>
            <dependent idx="5">a</dependent>
          </dep>
          <dep type="punct">
            <governor idx="6">walrus</governor>
            <dependent idx="7">.</dependent>
          </dep>
        </dependencies>
        <dependencies type="collapsed-ccprocessed-dependencies">
          <dep type="root">
            <governor idx="0">ROOT</governor>
            <dependent idx="6">walrus</dependent>
          </dep>
          <dep type="discourse">
            <governor idx="6">walrus</governor>
            <dependent idx="1">Hello</dependent>
          </dep>
          <dep type="punct">
            <governor idx="6">walrus</governor>
            <dependent idx="2">,</dependent>
          </dep>
          <dep type="nsubj">
            <governor idx="6">walrus</governor>
            <dependent idx="3">I</dependent>
          </dep>
          <dep type="cop">
            <governor idx="6">walrus</governor>
            <dependent idx="4">am</dependent>
          </dep>
          <dep type="det">
            <governor idx="6">walrus</governor>
            <dependent idx="5">a</dependent>
          </dep>
          <dep type="punct">
            <governor idx="6">walrus</governor>
            <dependent idx="7">.</dependent>
          </dep>
        </dependencies>
      </sentence>
      <sentence id="3">
        <tokens>
          <token id="1">
            <word>I</word>
            <CharacterOffsetBegin>41</CharacterOffsetBegin>
            <CharacterOffsetEnd>42</CharacterOffsetEnd>
            <POS>PRP</POS>
          </token>
          <token id="2">
            <word>am</word>
            <CharacterOffsetBegin>43</CharacterOffsetBegin>
            <CharacterOffsetEnd>45</CharacterOffsetEnd>
            <POS>VBP</POS>
          </token>
          <token id="3">
            <word>the</word>
            <CharacterOffsetBegin>46</CharacterOffsetBegin>
            <CharacterOffsetEnd>49</CharacterOffsetEnd>
            <POS>DT</POS>
          </token>
          <token id="4">
            <word>walrus</word>
            <CharacterOffsetBegin>50</CharacterOffsetBegin>
            <CharacterOffsetEnd>56</CharacterOffsetEnd>
            <POS>NN</POS>
          </token>
          <token id="5">
            <word>.</word>
            <CharacterOffsetBegin>56</CharacterOffsetBegin>
            <CharacterOffsetEnd>57</CharacterOffsetEnd>
            <POS>.</POS>
          </token>
        </tokens>
        <parse>(ROOT (S (NP (PRP I)) (VP (VBP am) (NP (DT the) (NN walrus))) (. .))) </parse>
        <dependencies type="basic-dependencies">
          <dep type="root">
            <governor idx="0">ROOT</governor>
            <dependent idx="4">walrus</dependent>
          </dep>
          <dep type="nsubj">
            <governor idx="4">walrus</governor>
            <dependent idx="1">I</dependent>
          </dep>
          <dep type="cop">
            <governor idx="4">walrus</governor>
            <dependent idx="2">am</dependent>
          </dep>
          <dep type="det">
            <governor idx="4">walrus</governor>
            <dependent idx="3">the</dependent>
          </dep>
          <dep type="punct">
            <governor idx="4">walrus</governor>
            <dependent idx="5">.</dependent>
          </dep>
        </dependencies>
        <dependencies type="collapsed-dependencies">
          <dep type="root">
            <governor idx="0">ROOT</governor>
            <dependent idx="4">walrus</dependent>
          </dep>
          <dep type="nsubj">
            <governor idx="4">walrus</governor>
            <dependent idx="1">I</dependent>
          </dep>
          <dep type="cop">
            <governor idx="4">walrus</governor>
            <dependent idx="2">am</dependent>
          </dep>
          <dep type="det">
            <governor idx="4">walrus</governor>
            <dependent idx="3">the</dependent>
          </dep>
          <dep type="punct">
            <governor idx="4">walrus</governor>
            <dependent idx="5">.</dependent>
          </dep>
        </dependencies>
        <dependencies type="collapsed-ccprocessed-dependencies">
          <dep type="root">
            <governor idx="0">ROOT</governor>
            <dependent idx="4">walrus</dependent>
          </dep>
          <dep type="nsubj">
            <governor idx="4">walrus</governor>
            <dependent idx="1">I</dependent>
          </dep>
          <dep type="cop">
            <governor idx="4">walrus</governor>
            <dependent idx="2">am</dependent>
          </dep>
          <dep type="det">
            <governor idx="4">walrus</governor>
            <dependent idx="3">the</dependent>
          </dep>
          <dep type="punct">
            <governor idx="4">walrus</governor>
            <dependent idx="5">.</dependent>
          </dep>
        </dependencies>
      </sentence>
    </sentences>
  </document>
</root>
